0 info it worked if it ends with ok
1 verbose cli [ '/Users/amardan/.nvm/versions/node/v6.12.3/bin/node',
1 verbose cli   '/Users/amardan/.nvm/versions/node/v6.12.3/bin/npm',
1 verbose cli   'start' ]
2 info using npm@3.10.10
3 info using node@v6.12.3
4 verbose run-script [ 'prestart', 'start', 'poststart' ]
5 info lifecycle light-bootstrap-dashboard-react@1.1.0~prestart: light-bootstrap-dashboard-react@1.1.0
6 silly lifecycle light-bootstrap-dashboard-react@1.1.0~prestart: no script for prestart, continuing
7 info lifecycle light-bootstrap-dashboard-react@1.1.0~start: light-bootstrap-dashboard-react@1.1.0
8 verbose lifecycle light-bootstrap-dashboard-react@1.1.0~start: unsafe-perm in lifecycle true
9 verbose lifecycle light-bootstrap-dashboard-react@1.1.0~start: PATH: /Users/amardan/.nvm/versions/node/v6.12.3/lib/node_modules/npm/bin/node-gyp-bin:/Users/amardan/Google Drive/Code/graphql-apollo/code/lbd-react-v1.1.0/node_modules/.bin:/Users/amardan/indeed/hobo/bin:/Users/amardan/env/bin:/usr/local/opt/gnu-sed/libexec/gnubin:/usr/local/opt/coreutils/libexec/gnubin:/usr/local/bin:/usr/bin:/bin:/usr/sbin:/sbin:/usr/local/munki:/opt/puppetlabs/bin:/Users/amardan/indeed/hobo/bin:/Users/amardan/.nvm/versions/node/v6.12.3/bin:/Users/amardan/env/bin:/Users/amardan/.indeed-dev-tools/bin:/Users/amardan/indeed/javadev/bin/po:/Users/amardan/indeed/javadev/bin:/Users/amardan/indeed/javadev/ant/bin:/Library/Java/JavaVirtualMachines/jdk1.8.0_102.jdk/Contents/Home/bin:/usr/local/opt/gnu-sed/libexec/gnubin:/usr/local/opt/coreutils/libexec/gnubin:/usr/local/sbin:/usr/local/go/bin:/Users/amardan/go/bin:/usr/local/go/bin:/Users/amardan/go/bin
10 verbose lifecycle light-bootstrap-dashboard-react@1.1.0~start: CWD: /Users/amardan/Google Drive/Code/graphql-apollo/code/lbd-react-v1.1.0
11 silly lifecycle light-bootstrap-dashboard-react@1.1.0~start: Args: [ '-c', 'npm-run-all -p watch-css start-js' ]
12 info lifecycle light-bootstrap-dashboard-react@1.1.0~start: Failed to exec start script
13 verbose stack Error: light-bootstrap-dashboard-react@1.1.0 start: `npm-run-all -p watch-css start-js`
13 verbose stack spawn ENOENT
13 verbose stack     at ChildProcess.<anonymous> (/Users/amardan/.nvm/versions/node/v6.12.3/lib/node_modules/npm/lib/utils/spawn.js:33:16)
13 verbose stack     at emitTwo (events.js:106:13)
13 verbose stack     at ChildProcess.emit (events.js:191:7)
13 verbose stack     at maybeClose (internal/child_process.js:920:16)
13 verbose stack     at Process.ChildProcess._handle.onexit (internal/child_process.js:230:5)
14 verbose pkgid light-bootstrap-dashboard-react@1.1.0
15 verbose cwd /Users/amardan/Google Drive/Code/graphql-apollo/code/lbd-react-v1.1.0
16 error Darwin 16.7.0
17 error argv "/Users/amardan/.nvm/versions/node/v6.12.3/bin/node" "/Users/amardan/.nvm/versions/node/v6.12.3/bin/npm" "start"
18 error node v6.12.3
19 error npm  v3.10.10
20 error file sh
21 error code ELIFECYCLE
22 error errno ENOENT
23 error syscall spawn
24 error light-bootstrap-dashboard-react@1.1.0 start: `npm-run-all -p watch-css start-js`
24 error spawn ENOENT
25 error Failed at the light-bootstrap-dashboard-react@1.1.0 start script 'npm-run-all -p watch-css start-js'.
25 error Make sure you have the latest version of node.js and npm installed.
25 error If you do, this is most likely a problem with the light-bootstrap-dashboard-react package,
25 error not with npm itself.
25 error Tell the author that this fails on your system:
25 error     npm-run-all -p watch-css start-js
25 error You can get information on how to open an issue for this project with:
25 error     npm bugs light-bootstrap-dashboard-react
25 error Or if that isn't available, you can get their info via:
25 error     npm owner ls light-bootstrap-dashboard-react
25 error There is likely additional logging output above.
26 verbose exit [ 1, true ]
